#-----------------------------------------------------------
# Vivado v2018.1 (64-bit)
# SW Build 2188600 on Wed Apr  4 18:39:19 MDT 2018
# IP Build 2185939 on Wed Apr  4 20:55:05 MDT 2018
# Start of session at: Thu Jul  5 11:17:11 2018
# Process ID: 23769
# Current directory: /home/chiwei/xilinx_ip/gty_64_156_10G_top
# Command line: vivado tmp_edit_project.xpr
# Log file: /home/chiwei/xilinx_ip/gty_64_156_10G_top/vivado.log
# Journal file: /home/chiwei/xilinx_ip/gty_64_156_10G_top/vivado.jou
#-----------------------------------------------------------
start_gui
open_project tmp_edit_project.xpr
Scanning sources...
Finished scanning sources
INFO: [IP_Flow 19-234] Refreshing IP repositories
INFO: [IP_Flow 19-1704] No user IP repositories specified
INFO: [IP_Flow 19-2313] Loaded Vivado IP repository '/opt/Xilinx/Vivado/2018.1/data/ip'.
INFO: [Device 21-403] Loading part xcku5p-ffvb676-2-e
open_project: Time (s): cpu = 00:01:50 ; elapsed = 00:02:10 . Memory (MB): peak = 7186.805 ; gain = 1084.777 ; free physical = 1687 ; free virtual = 31079
update_compile_order -fileset sources_1
exit
INFO: [Common 17-206] Exiting Vivado at Thu Jul  5 12:24:19 2018...
