#
# An unexpected error has occurred (11)
#
Stack:
/opt/Xilinx/Vivado/2018.1/tps/lnx64/jre/lib/amd64/server/libjvm.so(+0x923da9) [0x7f5ce6574da9]
/opt/Xilinx/Vivado/2018.1/tps/lnx64/jre/lib/amd64/server/libjvm.so(JVM_handle_linux_signal+0xb6) [0x7f5ce657b3f6]
/opt/Xilinx/Vivado/2018.1/tps/lnx64/jre/lib/amd64/server/libjvm.so(+0x9209d3) [0x7f5ce65719d3]
/lib64/libc.so.6(+0x35670) [0x7f5d2a4d1670]
/opt/Xilinx/Vivado/2018.1/lib/lnx64.o/librdi_coregen.so(HACGPInterfaceBuilder::createBusInterface(HACGPComponentDefinition*, HACGRepoBusAbs const*, std::vector<HACGPMapping, std::allocator<HACGPMapping> > const&, std::__cxx11::basic_string<char, std::char_traits<char>, std::allocator<char> > const&, HACGPBusDefVlnvSource const&, bool, bool, bool)+0x700) [0x7f5d13262e00]
/opt/Xilinx/Vivado/2018.1/lib/lnx64.o/librdi_ipservicestasks.so(+0xdc9fe0) [0x7f5cc9732fe0]
/opt/Xilinx/Vivado/2018.1/lib/lnx64.o/librdi_common.so(+0x778822) [0x7f5d2b777822]
/opt/Xilinx/Vivado/2018.1/lib/lnx64.o/libtcl8.5.so(+0x334af) [0x7f5d25c354af]
/opt/Xilinx/Vivado/2018.1/lib/lnx64.o/libtcl8.5.so(Tcl_EvalObjv+0x32) [0x7f5d25c355e2]
/opt/Xilinx/Vivado/2018.1/lib/lnx64.o/libtcl8.5.so(TclEvalObjEx+0x322) [0x7f5d25c37402]
/opt/Xilinx/Vivado/2018.1/lib/lnx64.o/librdi_common.so(+0x776d31) [0x7f5d2b775d31]
/opt/Xilinx/Vivado/2018.1/lib/lnx64.o/libtcl8.5.so(Tcl_ServiceEvent+0x7f) [0x7f5d25ca9b0f]
/opt/Xilinx/Vivado/2018.1/lib/lnx64.o/libtcl8.5.so(Tcl_DoOneEvent+0x154) [0x7f5d25ca9e44]
/opt/Xilinx/Vivado/2018.1/lib/lnx64.o/librdi_commontasks.so(+0x1f9485) [0x7f5d1b063485]
/opt/Xilinx/Vivado/2018.1/lib/lnx64.o/librdi_commontasks.so(+0x201413) [0x7f5d1b06b413]
/opt/Xilinx/Vivado/2018.1/lib/lnx64.o/librdi_commontasks.so(+0x2024ae) [0x7f5d1b06c4ae]
/opt/Xilinx/Vivado/2018.1/lib/lnx64.o/librdi_common.so(+0x778822) [0x7f5d2b777822]
/opt/Xilinx/Vivado/2018.1/lib/lnx64.o/libtcl8.5.so(+0x334af) [0x7f5d25c354af]
/opt/Xilinx/Vivado/2018.1/lib/lnx64.o/libtcl8.5.so(Tcl_EvalObjv+0x32) [0x7f5d25c355e2]
/opt/Xilinx/Vivado/2018.1/lib/lnx64.o/libtcl8.5.so(TclEvalObjEx+0x322) [0x7f5d25c37402]
/opt/Xilinx/Vivado/2018.1/lib/lnx64.o/librdi_commonmain.so(+0x7414) [0x7f5d2adfb414]
/opt/Xilinx/Vivado/2018.1/lib/lnx64.o/libtcl8.5.so(Tcl_Main+0x1d0) [0x7f5d25ca2210]
/opt/Xilinx/Vivado/2018.1/lib/lnx64.o/librdi_common.so(+0x7bb82b) [0x7f5d2b7ba82b]
/lib64/libpthread.so.0(+0x7dc5) [0x7f5d2a287dc5]
/lib64/libc.so.6(clone+0x6d) [0x7f5d2a592ced]
